<?xml version="1.0" encoding="UTF-8" ?>
<testsuite failures="0" time="0.097" errors="0" skipped="0" tests="1" name="com.tarsec.javadoc.pdfdoclet.html.HTMLTagUtilTest">
  <properties>
    <property name="java.runtime.name" value="Java(TM) SE Runtime Environment"/>
    <property name="sun.boot.library.path" value="/stuff/java/j2se/jdk1.7.0_15/jre/lib/amd64"/>
    <property name="java.vm.version" value="23.7-b01"/>
    <property name="java.vm.vendor" value="Oracle Corporation"/>
    <property name="java.vendor.url" value="http://java.oracle.com/"/>
    <property name="path.separator" value=":"/>
    <property name="java.vm.name" value="Java HotSpot(TM) 64-Bit Server VM"/>
    <property name="file.encoding.pkg" value="sun.io"/>
    <property name="user.country" value="US"/>
    <property name="sun.java.launcher" value="SUN_STANDARD"/>
    <property name="sun.os.patch.level" value="unknown"/>
    <property name="java.vm.specification.name" value="Java Virtual Machine Specification"/>
    <property name="user.dir" value="/stuff/java/workspace/pdfdoclet/doclet"/>
    <property name="java.runtime.version" value="1.7.0_15-b03"/>
    <property name="java.awt.graphicsenv" value="sun.awt.X11GraphicsEnvironment"/>
    <property name="basedir" value="/stuff/java/workspace/pdfdoclet/doclet"/>
    <property name="java.endorsed.dirs" value="/stuff/java/j2se/jdk1.7.0_15/jre/lib/endorsed"/>
    <property name="os.arch" value="amd64"/>
    <property name="surefire.real.class.path" value="/tmp/surefirebooter5688219422388623647.jar"/>
    <property name="java.io.tmpdir" value="/tmp"/>
    <property name="line.separator" value="
"/>
    <property name="java.vm.specification.vendor" value="Oracle Corporation"/>
    <property name="os.name" value="Linux"/>
    <property name="sun.jnu.encoding" value="UTF-8"/>
    <property name="java.library.path" value="/usr/java/packages/lib/amd64:/usr/lib64:/lib64:/lib:/usr/lib"/>
    <property name="surefire.test.class.path" value="/stuff/java/workspace/pdfdoclet/doclet/target/test-classes:/stuff/java/workspace/pdfdoclet/doclet/target/classes:/home/msc/.m2/repository/junit/junit/3.8.1/junit-3.8.1.jar:/home/msc/.m2/repository/log4j/log4j/1.2.13/log4j-1.2.13.jar:/home/msc/.m2/repository/pdfdoclet/tools-j2se/1.4.2/tools-j2se-1.4.2.jar:/home/msc/.m2/repository/pdfdoclet/itext/1.3/itext-1.3.jar:/home/msc/.m2/repository/pdfdoclet/itext-asian/1.0/itext-asian-1.0.jar:/home/msc/.m2/repository/pdfdoclet/jtidy/r8-beta/jtidy-r8-beta.jar:"/>
    <property name="java.specification.name" value="Java Platform API Specification"/>
    <property name="java.class.version" value="51.0"/>
    <property name="sun.management.compiler" value="HotSpot 64-Bit Tiered Compilers"/>
    <property name="os.version" value="3.8.0-32-generic"/>
    <property name="user.home" value="/home/msc"/>
    <property name="user.timezone" value="Europe/Zurich"/>
    <property name="java.awt.printerjob" value="sun.print.PSPrinterJob"/>
    <property name="file.encoding" value="UTF-8"/>
    <property name="java.specification.version" value="1.7"/>
    <property name="user.name" value="msc"/>
    <property name="java.class.path" value="/stuff/java/workspace/pdfdoclet/doclet/target/test-classes:/stuff/java/workspace/pdfdoclet/doclet/target/classes:/home/msc/.m2/repository/junit/junit/3.8.1/junit-3.8.1.jar:/home/msc/.m2/repository/log4j/log4j/1.2.13/log4j-1.2.13.jar:/home/msc/.m2/repository/pdfdoclet/tools-j2se/1.4.2/tools-j2se-1.4.2.jar:/home/msc/.m2/repository/pdfdoclet/itext/1.3/itext-1.3.jar:/home/msc/.m2/repository/pdfdoclet/itext-asian/1.0/itext-asian-1.0.jar:/home/msc/.m2/repository/pdfdoclet/jtidy/r8-beta/jtidy-r8-beta.jar:"/>
    <property name="java.vm.specification.version" value="1.7"/>
    <property name="sun.arch.data.model" value="64"/>
    <property name="java.home" value="/stuff/java/j2se/jdk1.7.0_15/jre"/>
    <property name="sun.java.command" value="/tmp/surefirebooter5688219422388623647.jar /tmp/surefire1253527274726805322tmp /tmp/surefire144255533335108074tmp"/>
    <property name="java.specification.vendor" value="Oracle Corporation"/>
    <property name="user.language" value="en"/>
    <property name="awt.toolkit" value="sun.awt.X11.XToolkit"/>
    <property name="java.vm.info" value="mixed mode"/>
    <property name="java.version" value="1.7.0_15"/>
    <property name="java.ext.dirs" value="/stuff/java/j2se/jdk1.7.0_15/jre/lib/ext:/usr/java/packages/lib/ext"/>
    <property name="sun.boot.class.path" value="/stuff/java/j2se/jdk1.7.0_15/jre/lib/resources.jar:/stuff/java/j2se/jdk1.7.0_15/jre/lib/rt.jar:/stuff/java/j2se/jdk1.7.0_15/jre/lib/sunrsasign.jar:/stuff/java/j2se/jdk1.7.0_15/jre/lib/jsse.jar:/stuff/java/j2se/jdk1.7.0_15/jre/lib/jce.jar:/stuff/java/j2se/jdk1.7.0_15/jre/lib/charsets.jar:/stuff/java/j2se/jdk1.7.0_15/jre/lib/jfr.jar:/stuff/java/j2se/jdk1.7.0_15/jre/classes"/>
    <property name="java.vendor" value="Oracle Corporation"/>
    <property name="localRepository" value="/home/msc/.m2/repository"/>
    <property name="file.separator" value="/"/>
    <property name="java.vendor.url.bug" value="http://bugreport.sun.com/bugreport/"/>
    <property name="sun.cpu.endian" value="little"/>
    <property name="sun.io.unicode.encoding" value="UnicodeLittle"/>
    <property name="sun.cpu.isalist" value=""/>
  </properties>
  <testcase time="0.086" classname="com.tarsec.javadoc.pdfdoclet.html.HTMLTagUtilTest" name="testClosingListTags"/>
</testsuite>